#
# There is insufficient memory for the Java Runtime Environment to continue.
# Native memory allocation (malloc) failed to allocate 210256 bytes for Chunk::new
# Possible reasons:
#   The system is out of physical RAM or swap space
#   The process is running with CompressedOops enabled, and the Java Heap may be blocking the growth of the native heap
# Possible solutions:
#   Reduce memory load on the system
#   Increase physical memory or swap space
#   Check if swap backing store is full
#   Decrease Java heap size (-Xmx/-Xms)
#   Decrease number of Java threads
#   Decrease Java thread stack sizes (-Xss)
#   Set larger code cache with -XX:ReservedCodeCacheSize=
#   JVM is running with Unscaled Compressed Oops mode in which the Java heap is
#     placed in the first 4GB address space. The Java Heap base address is the
#     maximum limit for the native heap growth. Please use -XX:HeapBaseMinAddress
#     to set the Java Heap base and to place the Java Heap above 4GB virtual address.
# This output file may be truncated or incomplete.
#
#  Out of Memory Error (allocation.cpp:389), pid=15792, tid=0x00000000000037c0
#
# JRE version: OpenJDK Runtime Environment (8.0_202-b03) (build 1.8.0_202-release-1483-b03)
# Java VM: OpenJDK 64-Bit Server VM (25.202-b03 mixed mode windows-amd64 compressed oops)
# Failed to write core dump. Minidumps are not enabled by default on client versions of Windows
#

---------------  T H R E A D  ---------------

Current thread (0x000000001543c000):  JavaThread "C2 CompilerThread0" daemon [_thread_in_native, id=14272, stack(0x0000000016470000,0x0000000016570000)]

Stack: [0x0000000016470000,0x0000000016570000]
[error occurred during error reporting (printing stack bounds), id 0xc0000005]

Native frames: (J=compiled Java code, j=interpreted, Vv=VM code, C=native code)


Current CompileTask:
C2:  13238 3702   !   4       org.jetbrains.kotlin.metadata.ProtoBuf$Function::<init> (1112 bytes)


---------------  P R O C E S S  ---------------

Java Threads: ( => current thread )
  0x00000000154ad800 JavaThread "Service Thread" daemon [_thread_blocked, id=11756, stack(0x0000000016670000,0x0000000016770000)]
  0x000000001543e000 JavaThread "C1 CompilerThread1" daemon [_thread_in_native, id=4992, stack(0x0000000016570000,0x0000000016670000)]
=>0x000000001543c000 JavaThread "C2 CompilerThread0" daemon [_thread_in_native, id=14272, stack(0x0000000016470000,0x0000000016570000)]
  0x0000000015439800 JavaThread "Attach Listener" daemon [_thread_blocked, id=14656, stack(0x0000000016370000,0x0000000016470000)]
  0x0000000015436000 JavaThread "Signal Dispatcher" daemon [_thread_blocked, id=17396, stack(0x0000000016270000,0x0000000016370000)]
  0x0000000003078800 JavaThread "Finalizer" daemon [_thread_blocked, id=8880, stack(0x0000000016080000,0x0000000016180000)]
  0x0000000015426000 JavaThread "Reference Handler" daemon [_thread_blocked, id=16368, stack(0x0000000015f80000,0x0000000016080000)]
  0x0000000002f82800 JavaThread "main" [_thread_in_Java, id=9868, stack(0x0000000002db0000,0x0000000002eb0000)]

Other Threads:
  0x0000000015404800 VMThread [stack: 0x0000000015e80000,0x0000000015f80000] [id=2984]
  0x00000000154ba000 WatcherThread [stack: 0x0000000016770000,0x0000000016870000] [id=16220]

VM state:not at safepoint (normal execution)

VM Mutex/Monitor currently owned by a thread: None

heap address: 0x00000000c1600000, size: 1002 MB, Compressed Oops mode: 32-bit
Narrow klass base: 0x0000000000000000, Narrow klass shift: 3
Compressed class space size: 1073741824 Address: 0x0000000100000000

Heap:
 PSYoungGen      total 120832K, used 57844K [0x00000000eb200000, 0x00000000f3f00000, 0x0000000100000000)
  eden space 101376K, 57% used [0x00000000eb200000,0x00000000eea7d2b8,0x00000000f1500000)
  from space 19456K, 0% used [0x00000000f2b00000,0x00000000f2b00000,0x00000000f3e00000)
  to   space 21504K, 0% used [0x00000000f1500000,0x00000000f1500000,0x00000000f2a00000)
 ParOldGen       total 79872K, used 34910K [0x00000000c1600000, 0x00000000c6400000, 0x00000000eb200000)
  object space 79872K, 43% used [0x00000000c1600000,0x00000000c3817bd0,0x00000000c6400000)
 Metaspace       used 40435K, capacity 41234K, committed 41600K, reserved 1085440K
  class space    used 4903K, capacity 5129K, committed 5248K, reserved 1048576K

Card table byte_map: [0x0000000012440000,0x0000000012640000] byte_map_base: 0x0000000011e35000

Marking Bits: (ParMarkBitMap*) 0x000000006ae59f30
 Begin Bits: [0x0000000012990000, 0x0000000013938000)
 End Bits:   [0x0000000013938000, 0x00000000148e0000)

Polling page: 0x0000000001280000

CodeCache: size=245760Kb used=12815Kb max_used=12815Kb free=232944Kb
 bounds [0x0000000003080000, 0x0000000003d10000, 0x0000000012080000]
 total_blobs=4307 nmethods=3827 adapters=394
 compilation: enabled

Compilation events (10 events):
Event: 13.225 Thread 0x000000001543e000 3864       2       org.jetbrains.kotlin.psi.KtElementImplStub::getPsiOrParent (11 bytes)
Event: 13.225 Thread 0x000000001543e000 nmethod 3864 0x0000000003d0b510 code [0x0000000003d0b680, 0x0000000003d0b808]
Event: 13.226 Thread 0x000000001543e000 3865       1       org.jetbrains.kotlin.resolve.lazy.descriptors.LazyAnnotationsContext::getStorageManager (5 bytes)
Event: 13.226 Thread 0x000000001543e000 nmethod 3865 0x0000000003d0b890 code [0x0000000003d0b9e0, 0x0000000003d0baf0]
Event: 13.226 Thread 0x000000001543e000 3866       2       org.jetbrains.kotlin.psi.KtUserType::getQualifier (11 bytes)
Event: 13.226 Thread 0x000000001543e000 nmethod 3866 0x0000000003d0bb50 code [0x0000000003d0bcc0, 0x0000000003d0be68]
Event: 13.226 Thread 0x000000001543e000 3867       2       org.jetbrains.kotlin.psi.KtUserType::getReferenceExpression (30 bytes)
Event: 13.227 Thread 0x000000001543e000 nmethod 3867 0x0000000003d0bf10 code [0x0000000003d0c080, 0x0000000003d0c2b8]
Event: 13.227 Thread 0x000000001543e000 3868       1       org.jetbrains.kotlin.resolve.scopes.LexicalScopeStorage::getAddedDescriptors (5 bytes)
Event: 13.227 Thread 0x000000001543e000 nmethod 3868 0x0000000003d0c3d0 code [0x0000000003d0c520, 0x0000000003d0c630]

GC Heap History (10 events):
Event: 3.892 GC heap before
{Heap before GC invocations=6 (full 0):
 PSYoungGen      total 35328K, used 3971K [0x00000000eb200000, 0x00000000f1400000, 0x0000000100000000)
  eden space 32768K, 4% used [0x00000000eb200000,0x00000000eb364f68,0x00000000ed200000)
  from space 2560K, 99% used [0x00000000ed200000,0x00000000ed47c050,0x00000000ed480000)
  to   space 17408K, 0% used [0x00000000f0300000,0x00000000f0300000,0x00000000f1400000)
 ParOldGen       total 44032K, used 27966K [0x00000000c1600000, 0x00000000c4100000, 0x00000000eb200000)
  object space 44032K, 63% used [0x00000000c1600000,0x00000000c314fa20,0x00000000c4100000)
 Metaspace       used 20701K, capacity 21108K, committed 21296K, reserved 1069056K
  class space    used 2341K, capacity 2459K, committed 2560K, reserved 1048576K
Event: 3.920 GC heap after
Heap after GC invocations=6 (full 0):
 PSYoungGen      total 81920K, used 2940K [0x00000000eb200000, 0x00000000f1300000, 0x0000000100000000)
  eden space 65536K, 0% used [0x00000000eb200000,0x00000000eb200000,0x00000000ef200000)
  from space 16384K, 17% used [0x00000000f0300000,0x00000000f05df200,0x00000000f1300000)
  to   space 16896K, 0% used [0x00000000ef200000,0x00000000ef200000,0x00000000f0280000)
 ParOldGen       total 44032K, used 27966K [0x00000000c1600000, 0x00000000c4100000, 0x00000000eb200000)
  object space 44032K, 63% used [0x00000000c1600000,0x00000000c314fa20,0x00000000c4100000)
 Metaspace       used 20701K, capacity 21108K, committed 21296K, reserved 1069056K
  class space    used 2341K, capacity 2459K, committed 2560K, reserved 1048576K
}
Event: 3.920 GC heap before
{Heap before GC invocations=7 (full 1):
 PSYoungGen      total 81920K, used 2940K [0x00000000eb200000, 0x00000000f1300000, 0x0000000100000000)
  eden space 65536K, 0% used [0x00000000eb200000,0x00000000eb200000,0x00000000ef200000)
  from space 16384K, 17% used [0x00000000f0300000,0x00000000f05df200,0x00000000f1300000)
  to   space 16896K, 0% used [0x00000000ef200000,0x00000000ef200000,0x00000000f0280000)
 ParOldGen       total 44032K, used 27966K [0x00000000c1600000, 0x00000000c4100000, 0x00000000eb200000)
  object space 44032K, 63% used [0x00000000c1600000,0x00000000c314fa20,0x00000000c4100000)
 Metaspace       used 20701K, capacity 21108K, committed 21296K, reserved 1069056K
  class space    used 2341K, capacity 2459K, committed 2560K, reserved 1048576K
Event: 4.163 GC heap after
Heap after GC invocations=7 (full 1):
 PSYoungGen      total 81920K, used 0K [0x00000000eb200000, 0x00000000f1300000, 0x0000000100000000)
  eden space 65536K, 0% used [0x00000000eb200000,0x00000000eb200000,0x00000000ef200000)
  from space 16384K, 0% used [0x00000000f0300000,0x00000000f0300000,0x00000000f1300000)
  to   space 16896K, 0% used [0x00000000ef200000,0x00000000ef200000,0x00000000f0280000)
 ParOldGen       total 62976K, used 26761K [0x00000000c1600000, 0x00000000c5380000, 0x00000000eb200000)
  object space 62976K, 42% used [0x00000000c1600000,0x00000000c30226a8,0x00000000c5380000)
 Metaspace       used 20701K, capacity 21108K, committed 21296K, reserved 1069056K
  class space    used 2341K, capacity 2459K, committed 2560K, reserved 1048576K
}
Event: 9.307 GC heap before
{Heap before GC invocations=8 (full 1):
 PSYoungGen      total 81920K, used 65536K [0x00000000eb200000, 0x00000000f1300000, 0x0000000100000000)
  eden space 65536K, 100% used [0x00000000eb200000,0x00000000ef200000,0x00000000ef200000)
  from space 16384K, 0% used [0x00000000f0300000,0x00000000f0300000,0x00000000f1300000)
  to   space 16896K, 0% used [0x00000000ef200000,0x00000000ef200000,0x00000000f0280000)
 ParOldGen       total 62976K, used 26761K [0x00000000c1600000, 0x00000000c5380000, 0x00000000eb200000)
  object space 62976K, 42% used [0x00000000c1600000,0x00000000c30226a8,0x00000000c5380000)
 Metaspace       used 29374K, capacity 29918K, committed 30208K, reserved 1075200K
  class space    used 3637K, capacity 3827K, committed 3840K, reserved 1048576K
Event: 9.336 GC heap after
Heap after GC invocations=8 (full 1):
 PSYoungGen      total 82432K, used 15009K [0x00000000eb200000, 0x00000000f3e00000, 0x0000000100000000)
  eden space 65536K, 0% used [0x00000000eb200000,0x00000000eb200000,0x00000000ef200000)
  from space 16896K, 88% used [0x00000000ef200000,0x00000000f00a86e8,0x00000000f0280000)
  to   space 19456K, 0% used [0x00000000f2b00000,0x00000000f2b00000,0x00000000f3e00000)
 ParOldGen       total 62976K, used 26769K [0x00000000c1600000, 0x00000000c5380000, 0x00000000eb200000)
  object space 62976K, 42% used [0x00000000c1600000,0x00000000c30246a8,0x00000000c5380000)
 Metaspace       used 29374K, capacity 29918K, committed 30208K, reserved 1075200K
  class space    used 3637K, capacity 3827K, committed 3840K, reserved 1048576K
}
Event: 10.393 GC heap before
{Heap before GC invocations=9 (full 1):
 PSYoungGen      total 82432K, used 49753K [0x00000000eb200000, 0x00000000f3e00000, 0x0000000100000000)
  eden space 65536K, 53% used [0x00000000eb200000,0x00000000ed3edf18,0x00000000ef200000)
  from space 16896K, 88% used [0x00000000ef200000,0x00000000f00a86e8,0x00000000f0280000)
  to   space 19456K, 0% used [0x00000000f2b00000,0x00000000f2b00000,0x00000000f3e00000)
 ParOldGen       total 62976K, used 26769K [0x00000000c1600000, 0x00000000c5380000, 0x00000000eb200000)
  object space 62976K, 42% used [0x00000000c1600000,0x00000000c30246a8,0x00000000c5380000)
 Metaspace       used 34762K, capacity 35324K, committed 35456K, reserved 1081344K
  class space    used 4293K, capacity 4472K, committed 4480K, reserved 1048576K
Event: 10.420 GC heap after
Heap after GC invocations=9 (full 1):
 PSYoungGen      total 120832K, used 15961K [0x00000000eb200000, 0x00000000f3f00000, 0x0000000100000000)
  eden space 101376K, 0% used [0x00000000eb200000,0x00000000eb200000,0x00000000f1500000)
  from space 19456K, 82% used [0x00000000f2b00000,0x00000000f3a96598,0x00000000f3e00000)
  to   space 21504K, 0% used [0x00000000f1500000,0x00000000f1500000,0x00000000f2a00000)
 ParOldGen       total 62976K, used 26777K [0x00000000c1600000, 0x00000000c5380000, 0x00000000eb200000)
  object space 62976K, 42% used [0x00000000c1600000,0x00000000c30266a8,0x00000000c5380000)
 Metaspace       used 34762K, capacity 35324K, committed 35456K, reserved 1081344K
  class space    used 4293K, capacity 4472K, committed 4480K, reserved 1048576K
}
Event: 10.420 GC heap before
{Heap before GC invocations=10 (full 2):
 PSYoungGen      total 120832K, used 15961K [0x00000000eb200000, 0x00000000f3f00000, 0x0000000100000000)
  eden space 101376K, 0% used [0x00000000eb200000,0x00000000eb200000,0x00000000f1500000)
  from space 19456K, 82% used [0x00000000f2b00000,0x00000000f3a96598,0x00000000f3e00000)
  to   space 21504K, 0% used [0x00000000f1500000,0x00000000f1500000,0x00000000f2a00000)
 ParOldGen       total 62976K, used 26777K [0x00000000c1600000, 0x00000000c5380000, 0x00000000eb200000)
  object space 62976K, 42% used [0x00000000c1600000,0x00000000c30266a8,0x00000000c5380000)
 Metaspace       used 34762K, capacity 35324K, committed 35456K, reserved 1081344K
  class space    used 4293K, capacity 4472K, committed 4480K, reserved 1048576K
Event: 10.660 GC heap after
Heap after GC invocations=10 (full 2):
 PSYoungGen      total 120832K, used 0K [0x00000000eb200000, 0x00000000f3f00000, 0x0000000100000000)
  eden space 101376K, 0% used [0x00000000eb200000,0x00000000eb200000,0x00000000f1500000)
  from space 19456K, 0% used [0x00000000f2b00000,0x00000000f2b00000,0x00000000f3e00000)
  to   space 21504K, 0% used [0x00000000f1500000,0x00000000f1500000,0x00000000f2a00000)
 ParOldGen       total 79872K, used 34910K [0x00000000c1600000, 0x00000000c6400000, 0x00000000eb200000)
  object space 79872K, 43% used [0x00000000c1600000,0x00000000c3817bd0,0x00000000c6400000)
 Metaspace       used 34762K, capacity 35324K, committed 35456K, reserved 1081344K
  class space    used 4293K, capacity 4472K, committed 4480K, reserved 1048576K
}

Deoptimization events (10 events):
Event: 11.041 Thread 0x0000000002f82800 Uncommon trap: reason=unstable_if action=reinterpret pc=0x00000000039f4fb0 method=org.jetbrains.kotlin.parsing.SemanticWhitespaceAwarePsiBuilderImpl.getJoinedTokenType(Lorg/jetbrains/kotlin/com/intellij/psi/tree/IElementType;I)Lorg/jetbrains/kotlin/com/in
Event: 11.041 Thread 0x0000000002f82800 Uncommon trap: reason=unstable_if action=reinterpret pc=0x0000000003a01d78 method=org.jetbrains.kotlin.parsing.SemanticWhitespaceAwarePsiBuilderImpl.getJoinedTokenType(Lorg/jetbrains/kotlin/com/intellij/psi/tree/IElementType;I)Lorg/jetbrains/kotlin/com/in
Event: 11.100 Thread 0x0000000002f82800 Uncommon trap: reason=unstable_if action=reinterpret pc=0x00000000039f775c method=org.jetbrains.kotlin.com.intellij.lang.impl.PsiBuilderImpl.skipWhitespace()V @ 51
Event: 11.137 Thread 0x0000000002f82800 Uncommon trap: reason=unstable_if action=reinterpret pc=0x0000000003a38b54 method=org.jetbrains.kotlin.lexer._JetLexer.advance()Lorg/jetbrains/kotlin/com/intellij/psi/tree/IElementType; @ 227
Event: 11.155 Thread 0x0000000002f82800 Uncommon trap: reason=unstable_if action=reinterpret pc=0x0000000003a46d50 method=org.jetbrains.kotlin.parsing.SemanticWhitespaceAwarePsiBuilderImpl.getJoinedTokenType(Lorg/jetbrains/kotlin/com/intellij/psi/tree/IElementType;I)Lorg/jetbrains/kotlin/com/in
Event: 11.156 Thread 0x0000000002f82800 Uncommon trap: reason=unstable_if action=reinterpret pc=0x0000000003a3b4dc method=org.jetbrains.kotlin.com.intellij.lang.impl.PsiBuilderImpl.skipWhitespace()V @ 51
Event: 11.870 Thread 0x0000000002f82800 Uncommon trap: reason=bimorphic action=maybe_recompile pc=0x000000000380d688 method=org.jetbrains.kotlin.protobuf.CodedInputStream.tryRefillBuffer(I)Z @ 177
Event: 11.884 Thread 0x0000000002f82800 Uncommon trap: reason=bimorphic action=maybe_recompile pc=0x000000000380d688 method=org.jetbrains.kotlin.protobuf.CodedInputStream.tryRefillBuffer(I)Z @ 177
Event: 12.011 Thread 0x0000000002f82800 Uncommon trap: reason=bimorphic action=maybe_recompile pc=0x000000000380d688 method=org.jetbrains.kotlin.protobuf.CodedInputStream.tryRefillBuffer(I)Z @ 177
Event: 12.017 Thread 0x0000000002f82800 Uncommon trap: reason=bimorphic action=maybe_recompile pc=0x000000000380d688 method=org.jetbrains.kotlin.protobuf.CodedInputStream.tryRefillBuffer(I)Z @ 177

Classes redefined (0 events):
No events

Internal exceptions (10 events):
Event: 3.542 Thread 0x0000000002f82800 Implicit null exception at 0x00000000035dffd3 to 0x00000000035e0152
Event: 3.762 Thread 0x0000000002f82800 Exception <a 'java/lang/NoSuchMethodError': java.lang.Object.lambda$static$0(I)[Lorg/jetbrains/kotlin/com/intellij/openapi/editor/event/DocumentListener;> (0x00000000ed12ee68) thrown at [D:\src\AOSP-openjdk-cygwin\jdk8u\hotspot\src\share\vm\interpreter\li
Event: 4.207 Thread 0x0000000002f82800 Exception <a 'java/lang/NoSuchMethodError': java.lang.Object.lambda$static$0(I)[Lorg/jetbrains/kotlin/com/intellij/psi/PsiAnnotation;> (0x00000000eb228ee0) thrown at [D:\src\AOSP-openjdk-cygwin\jdk8u\hotspot\src\share\vm\interpreter\linkResolver.cpp, line
Event: 4.424 Thread 0x0000000002f82800 Exception <a 'java/lang/NoSuchMethodError': java.lang.Object.lambda$static$0(I)[Lorg/jetbrains/kotlin/com/intellij/psi/PsiElement;> (0x00000000eb830188) thrown at [D:\src\AOSP-openjdk-cygwin\jdk8u\hotspot\src\share\vm\interpreter\linkResolver.cpp, line 62
Event: 4.542 Thread 0x0000000002f82800 Exception <a 'java/lang/NoSuchMethodError': java.lang.Object.lambda$comparing$77a9974f$1(Ljava/util/function/Function;Ljava/lang/Object;Ljava/lang/Object;)I> (0x00000000eba0c3d0) thrown at [D:\src\AOSP-openjdk-cygwin\jdk8u\hotspot\src\share\vm\interpreter
Event: 9.425 Thread 0x0000000002f82800 Exception <a 'java/lang/ArrayIndexOutOfBoundsException': 126> (0x00000000eb41fb88) thrown at [D:\src\AOSP-openjdk-cygwin\jdk8u\hotspot\src\share\vm\interpreter\interpreterRuntime.cpp, line 368]
Event: 9.426 Thread 0x0000000002f82800 Exception <a 'java/lang/ArrayIndexOutOfBoundsException': 86> (0x00000000eb421010) thrown at [D:\src\AOSP-openjdk-cygwin\jdk8u\hotspot\src\share\vm\interpreter\interpreterRuntime.cpp, line 368]
Event: 10.867 Thread 0x0000000002f82800 Exception <a 'java/lang/NoSuchMethodError': java.lang.Object.lambda$static$0(I)[Lorg/jetbrains/kotlin/psi/KtExpression;> (0x00000000eb5fff98) thrown at [D:\src\AOSP-openjdk-cygwin\jdk8u\hotspot\src\share\vm\interpreter\linkResolver.cpp, line 620]
Event: 11.619 Thread 0x0000000002f82800 Exception <a 'java/lang/NoSuchMethodError': java.lang.Object.lambda$static$0(I)[Lorg/jetbrains/kotlin/psi/KtDeclaration;> (0x00000000ebe1bb18) thrown at [D:\src\AOSP-openjdk-cygwin\jdk8u\hotspot\src\share\vm\interpreter\linkResolver.cpp, line 620]
Event: 11.695 Thread 0x0000000002f82800 Exception <a 'java/lang/NoSuchMethodError': java.lang.Object.lambda$static$0(I)[Lorg/jetbrains/kotlin/psi/KtTypeElement;> (0x00000000ebfb1138) thrown at [D:\src\AOSP-openjdk-cygwin\jdk8u\hotspot\src\share\vm\interpreter\linkResolver.cpp, line 620]

Events (10 events):
Event: 13.052 loading class org/jetbrains/kotlin/types/KotlinTypeFactory$simpleTypeWithNonTrivialMemberScope$1
Event: 13.052 loading class org/jetbrains/kotlin/types/KotlinTypeFactory$simpleTypeWithNonTrivialMemberScope$1 done
Event: 13.057 loading class org/jetbrains/kotlin/types/TypeIntersector
Event: 13.057 loading class org/jetbrains/kotlin/types/TypeIntersector done
Event: 13.139 loading class org/jetbrains/kotlin/com/google/common/collect/RegularImmutableBiMap
Event: 13.139 loading class org/jetbrains/kotlin/com/google/common/collect/RegularImmutableBiMap done
Event: 13.140 loading class org/jetbrains/kotlin/com/google/common/collect/SingletonImmutableBiMap
Event: 13.140 loading class org/jetbrains/kotlin/com/google/common/collect/SingletonImmutableBiMap done
Event: 13.152 loading class org/jetbrains/kotlin/descriptors/annotations/AnnotationWithTarget
Event: 13.152 loading class org/jetbrains/kotlin/descriptors/annotations/AnnotationWithTarget done


Dynamic libraries:
0x00007ff7b38c0000 - 0x00007ff7b38f1000 	C:\Program Files\Java\jdk-8\jre\bin\java.exe
0x00007ffde55c0000 - 0x00007ffde5791000 	C:\WINDOWS\SYSTEM32\ntdll.dll
0x00007ffde2f70000 - 0x00007ffde301b000 	C:\WINDOWS\System32\KERNEL32.DLL
0x00007ffde2710000 - 0x00007ffde292d000 	C:\WINDOWS\System32\KERNELBASE.dll
0x00007ffde5040000 - 0x00007ffde50e2000 	C:\WINDOWS\System32\ADVAPI32.dll
0x00007ffde4e70000 - 0x00007ffde4f0e000 	C:\WINDOWS\System32\msvcrt.dll
0x00007ffde3170000 - 0x00007ffde31c9000 	C:\WINDOWS\System32\sechost.dll
0x00007ffde4f10000 - 0x00007ffde5031000 	C:\WINDOWS\System32\RPCRT4.dll
0x00007ffde48c0000 - 0x00007ffde4a25000 	C:\WINDOWS\System32\USER32.dll
0x00007ffde24c0000 - 0x00007ffde24de000 	C:\WINDOWS\System32\win32u.dll
0x00007ffde3030000 - 0x00007ffde3064000 	C:\WINDOWS\System32\GDI32.dll
0x00007ffde2330000 - 0x00007ffde24b2000 	C:\WINDOWS\System32\gdi32full.dll
0x00007ffdddd30000 - 0x00007ffdddfa9000 	C:\WINDOWS\WinSxS\amd64_microsoft.windows.common-controls_6595b64144ccf1df_6.0.14393.0_none_2d0f50fcbdb171b8\COMCTL32.dll
0x00007ffde50f0000 - 0x00007ffde53b7000 	C:\WINDOWS\System32\combase.dll
0x00007ffde2930000 - 0x00007ffde2a25000 	C:\WINDOWS\System32\ucrtbase.dll
0x00007ffde2210000 - 0x00007ffde227a000 	C:\WINDOWS\System32\bcryptPrimitives.dll
0x00007ffde4bc0000 - 0x00007ffde4bee000 	C:\WINDOWS\System32\IMM32.DLL
0x000000006aee0000 - 0x000000006afb2000 	C:\Program Files\Java\jdk-8\jre\bin\msvcr100.dll
0x000000006a690000 - 0x000000006aed6000 	C:\Program Files\Java\jdk-8\jre\bin\server\jvm.dll
0x00007ffde4d90000 - 0x00007ffde4d98000 	C:\WINDOWS\System32\PSAPI.DLL
0x00007ffdd1d90000 - 0x00007ffdd1d99000 	C:\WINDOWS\SYSTEM32\WSOCK32.dll
0x00007ffde4e00000 - 0x00007ffde4e6a000 	C:\WINDOWS\System32\WS2_32.dll
0x00007ffddf260000 - 0x00007ffddf283000 	C:\WINDOWS\SYSTEM32\WINMM.dll
0x00007ffddfff0000 - 0x00007ffddfffa000 	C:\WINDOWS\SYSTEM32\VERSION.dll
0x0000000001240000 - 0x000000000126b000 	C:\WINDOWS\SYSTEM32\WINMMBASE.dll
0x00007ffde2a30000 - 0x00007ffde2a72000 	C:\WINDOWS\System32\cfgmgr32.dll
0x00007ffddb160000 - 0x00007ffddb16f000 	C:\Program Files\Java\jdk-8\jre\bin\verify.dll
0x00007ffdd7990000 - 0x00007ffdd79b9000 	C:\Program Files\Java\jdk-8\jre\bin\java.dll
0x00007ffdd78b0000 - 0x00007ffdd78c6000 	C:\Program Files\Java\jdk-8\jre\bin\zip.dll
0x00007ffde33b0000 - 0x00007ffde48b8000 	C:\WINDOWS\System32\SHELL32.dll
0x00007ffde1b30000 - 0x00007ffde220a000 	C:\WINDOWS\System32\windows.storage.dll
0x00007ffde1ad0000 - 0x00007ffde1b1c000 	C:\WINDOWS\System32\powrprof.dll
0x00007ffde53c0000 - 0x00007ffde5412000 	C:\WINDOWS\System32\shlwapi.dll
0x00007ffde1b20000 - 0x00007ffde1b2f000 	C:\WINDOWS\System32\kernel.appcore.dll
0x00007ffde2280000 - 0x00007ffde2329000 	C:\WINDOWS\System32\shcore.dll
0x00007ffde1ab0000 - 0x00007ffde1ac4000 	C:\WINDOWS\System32\profapi.dll
0x00007ffdd7630000 - 0x00007ffdd764a000 	C:\Program Files\Java\jdk-8\jre\bin\net.dll
0x00007ffde1070000 - 0x00007ffde10cc000 	C:\WINDOWS\system32\mswsock.dll
0x00007ffdd6390000 - 0x00007ffdd63a1000 	C:\Program Files\Java\jdk-8\jre\bin\nio.dll

VM Arguments:
java_command: org.jetbrains.kotlin.cli.jvm.K2JVMCompiler @E:\AndroidStudioProjects\FarmDoctorV3\app\build\20210327_7504027857801792885.compiler.options
java_class_path (initial): C:\Users\Vidi Fitriansyah H\.gradle\caches\modules-2\files-2.1\org.jetbrains.kotlin\kotlin-compiler-embeddable\1.4.30\320bc62a2dfa19a24bc1613894ae0eabc909052c\kotlin-compiler-embeddable-1.4.30.jar;C:\Users\Vidi Fitriansyah H\.gradle\caches\modules-2\files-2.1\org.jetbrains.kotlin\kotlin-reflect\1.4.30\a9116fbe28a0514671787df95133f28e65fdac25\kotlin-reflect-1.4.30.jar;C:\Users\Vidi Fitriansyah H\.gradle\caches\modules-2\files-2.1\org.jetbrains.kotlin\kotlin-stdlib\1.4.30\d10d1e10f47006ee08162dde039e38ac487de4ac\kotlin-stdlib-1.4.30.jar;C:\Users\Vidi Fitriansyah H\.gradle\caches\modules-2\files-2.1\org.jetbrains.kotlin\kotlin-script-runtime\1.4.30\b9c2a1fab9217623fc0fbadf6190e77eed6f054d\kotlin-script-runtime-1.4.30.jar;C:\Users\Vidi Fitriansyah H\.gradle\caches\modules-2\files-2.1\org.jetbrains.kotlin\kotlin-daemon-embeddable\1.4.30\bc024798c5378570ded42ffe3db82ca8ac86dabc\kotlin-daemon-embeddable-1.4.30.jar;C:\Users\Vidi Fitriansyah H\.gradle\caches\modules-2\files-2.1\org.jetbrains.intellij.deps\trove4j\1.0.20181211\216c2e14b070f334479d800987affe4054cd563f\trove4j-1.0.20181211.jar;C:\Users\Vidi Fitriansyah H\.gradle\caches\modules-2\files-2.1\org.jetbrains.kotlin\kotlin-stdlib-common\1.4.30\bb9a3173350f55732416ee27956ea8f9b81f4dbb\kotlin-stdlib-common-1.4.30.jar;C:\Users\Vidi Fitriansyah H\.gradle\caches\modules-2\files-2.1\org.jetbrains\annotations\13.0\919f0dfe192fb4e063e7dacadee7f8bb9a2672a9\annotations-13.0.jar;C:\Program Files\Java\jdk-8\lib\tools.jar
Launcher Type: SUN_STANDARD

Environment Variables:
JAVA_HOME=C:\Program Files\Java\jdk-8
PATH=C:\Program Files (x86)\Common Files\Oracle\Java\javapath;C:\adb\adb_win_v1.0.26;C:\adb\adb_win_v1.0.26;C:\Program Files\Common Files\Microsoft Shared\Windows Live;C:\Program Files (x86)\Common Files\Microsoft Shared\Windows Live;C:\WINDOWS\system32;C:\WINDOWS;C:\WINDOWS\System32\Wbem;C:\WINDOWS\System32\WindowsPowerShell\v1.0\;C:\Program Files (x86)\Windows Live\Shared;C:\Program Files (x86)\MATLAB\R2009a\bin;C:\Program Files (x86)\MATLAB\R2009a\bin\win32;C:\Program Files (x86)\Common Files\lenovo\easyplussdk\bin;C:\Users\Vidi Fitriansyah H\AppData\Local\Programs\Python\Python36\Scripts;C:\Users\Vidi Fitriansyah H\AppData\Local\Programs\Python\Python36;C:\Python27;C:\Python37\Scripts;C:\Users\Vidi Fitriansyah H\AppData\Local\Microsoft\WindowsApps;C:\Program Files (x86)\IVI Foundation\VISA\WinNT\Bin\;C:\Program Files\IVI Foundation\VISA\Win64\Bin\;C:\Program Files (x86)\IVI Foundation\VISA\WinNT\Bin;C:\gradle\gradle-5.4.1\bin;%JAVA_HOME%\bin;C:\Program Files\Git\cmd;C:\Users\Vidi Fitriansyah H\AppData\Local\Microsoft\WindowsApps;C:\Program Files\Microsoft VS Code\bin;C:\Users\Vidi Fitriansyah H\AppData\Local\GitHubDesktop\bin
USERNAME=Vidi Fitriansyah H
OS=Windows_NT
PROCESSOR_IDENTIFIER=Intel64 Family 6 Model 61 Stepping 4, GenuineIntel



---------------  S Y S T E M  ---------------

OS: Windows 10.0 , 64 bit Build 14393 (10.0.14393.0)

CPU:total 2 (initial active 2) (2 cores per cpu, 1 threads per core) family 6 model 61 stepping 4, cmov, cx8, fxsr, mmx, sse, sse2, sse3, ssse3, sse4.1, sse4.2, popcnt, clmul, erms, 3dnowpref, lzcnt, tsc, tscinvbit

Memory: 4k page, physical 4103692k(569368k free), swap 8224268k(4484k free)

vm_info: OpenJDK 64-Bit Server VM (25.202-b03) for windows-amd64 JRE (1.8.0_202-release-1483-b03), built by "builder" with MS VC++ 10.0 (VS2010)

time: Sat Mar 27 12:46:42 2021
timezone: SE Asia Standard Time
elapsed time: 13 seconds (0d 0h 0m 13s)

