#
# There is insufficient memory for the Java Runtime Environment to continue.
# Native memory allocation (malloc) failed to allocate 1080816 bytes for Chunk::new
# Possible reasons:
#   The system is out of physical RAM or swap space
#   The process is running with CompressedOops enabled, and the Java Heap may be blocking the growth of the native heap
# Possible solutions:
#   Reduce memory load on the system
#   Increase physical memory or swap space
#   Check if swap backing store is full
#   Decrease Java heap size (-Xmx/-Xms)
#   Decrease number of Java threads
#   Decrease Java thread stack sizes (-Xss)
#   Set larger code cache with -XX:ReservedCodeCacheSize=
#   JVM is running with Unscaled Compressed Oops mode in which the Java heap is
#     placed in the first 4GB address space. The Java Heap base address is the
#     maximum limit for the native heap growth. Please use -XX:HeapBaseMinAddress
#     to set the Java Heap base and to place the Java Heap above 4GB virtual address.
# This output file may be truncated or incomplete.
#
#  Out of Memory Error (allocation.cpp:389), pid=13552, tid=0x0000000000002a64
#
# JRE version: OpenJDK Runtime Environment (8.0_202-b03) (build 1.8.0_202-release-1483-b03)
# Java VM: OpenJDK 64-Bit Server VM (25.202-b03 mixed mode windows-amd64 compressed oops)
# Failed to write core dump. Minidumps are not enabled by default on client versions of Windows
#

---------------  T H R E A D  ---------------

Current thread (0x00000000172a2000):  JavaThread "C2 CompilerThread0" daemon [_thread_in_native, id=10852, stack(0x00000000182e0000,0x00000000183e0000)]

Stack: [0x00000000182e0000,0x00000000183e0000]
[error occurred during error reporting (printing stack bounds), id 0xc0000005]

Native frames: (J=compiled Java code, j=interpreted, Vv=VM code, C=native code)


Current CompileTask:
C2:  22944 4138   !   4       java.util.jar.Attributes::read (380 bytes)


---------------  P R O C E S S  ---------------

Java Threads: ( => current thread )
  0x000000001cc8b000 JavaThread "pool-1-thread-1" [_thread_blocked, id=15320, stack(0x00000000285a0000,0x00000000286a0000)]
  0x000000001cc8d800 JavaThread "Cache worker for Build Output Cleanup Cache (E:\AndroidStudioProjects\FarmDoctorV3\.gradle\buildOutputCleanup)" [_thread_blocked, id=8884, stack(0x0000000027ed0000,0x0000000027fd0000)]
  0x000000001cc90000 JavaThread "jar transforms Thread 114" [_thread_blocked, id=1580, stack(0x0000000027bd0000,0x0000000027cd0000)]
  0x000000001cc89800 JavaThread "jar transforms Thread 113" [_thread_blocked, id=3580, stack(0x0000000027ad0000,0x0000000027bd0000)]
  0x000000001cc8f000 JavaThread "jar transforms Thread 112" [_thread_blocked, id=2276, stack(0x00000000279d0000,0x0000000027ad0000)]
  0x000000001cc8e800 JavaThread "jar transforms Thread 111" [_thread_blocked, id=16296, stack(0x00000000277d0000,0x00000000278d0000)]
  0x000000001cc8d000 JavaThread "jar transforms Thread 110" [_thread_blocked, id=9144, stack(0x00000000276d0000,0x00000000277d0000)]
  0x000000001cc82000 JavaThread "jar transforms Thread 109" [_thread_blocked, id=16496, stack(0x00000000275d0000,0x00000000276d0000)]
  0x000000001cc88000 JavaThread "jar transforms Thread 108" [_thread_blocked, id=16212, stack(0x00000000274d0000,0x00000000275d0000)]
  0x000000001cc85000 JavaThread "jar transforms Thread 107" [_thread_blocked, id=17120, stack(0x00000000273d0000,0x00000000274d0000)]
  0x000000001cc87800 JavaThread "jar transforms Thread 106" [_thread_blocked, id=14852, stack(0x00000000272d0000,0x00000000273d0000)]
  0x000000001cc84800 JavaThread "jar transforms Thread 105" [_thread_blocked, id=15216, stack(0x00000000271d0000,0x00000000272d0000)]
  0x000000001cc83000 JavaThread "jar transforms Thread 104" [_thread_blocked, id=12464, stack(0x00000000270d0000,0x00000000271d0000)]
  0x000000001cc86800 JavaThread "jar transforms Thread 103" [_thread_blocked, id=9624, stack(0x0000000026fd0000,0x00000000270d0000)]
  0x000000001cc86000 JavaThread "jar transforms Thread 102" [_thread_blocked, id=13072, stack(0x0000000026ed0000,0x0000000026fd0000)]
  0x000000001cc89000 JavaThread "jar transforms Thread 101" [_thread_blocked, id=8272, stack(0x0000000026dd0000,0x0000000026ed0000)]
  0x000000001cc83800 JavaThread "jar transforms Thread 100" [_thread_blocked, id=11736, stack(0x0000000026cd0000,0x0000000026dd0000)]
  0x0000000019434000 JavaThread "jar transforms Thread 99" [_thread_blocked, id=10480, stack(0x0000000026bd0000,0x0000000026cd0000)]
  0x000000001943a000 JavaThread "jar transforms Thread 98" [_thread_blocked, id=17200, stack(0x0000000026ad0000,0x0000000026bd0000)]
  0x0000000019439000 JavaThread "jar transforms Thread 97" [_thread_blocked, id=11244, stack(0x00000000269d0000,0x0000000026ad0000)]
  0x0000000019438800 JavaThread "jar transforms Thread 96" [_thread_blocked, id=9980, stack(0x00000000268d0000,0x00000000269d0000)]
  0x0000000019437800 JavaThread "jar transforms Thread 95" [_thread_blocked, id=3448, stack(0x00000000267d0000,0x00000000268d0000)]
  0x0000000019431800 JavaThread "jar transforms Thread 94" [_thread_blocked, id=17344, stack(0x00000000266d0000,0x00000000267d0000)]
  0x0000000019436000 JavaThread "jar transforms Thread 93" [_thread_blocked, id=6460, stack(0x00000000265d0000,0x00000000266d0000)]
  0x0000000019432800 JavaThread "jar transforms Thread 92" [_thread_blocked, id=11512, stack(0x00000000264d0000,0x00000000265d0000)]
  0x0000000019437000 JavaThread "jar transforms Thread 91" [_thread_blocked, id=540, stack(0x00000000263d0000,0x00000000264d0000)]
  0x0000000019435800 JavaThread "jar transforms Thread 90" [_thread_blocked, id=12680, stack(0x00000000262d0000,0x00000000263d0000)]
  0x0000000019433000 JavaThread "jar transforms Thread 89" [_thread_blocked, id=5072, stack(0x00000000261d0000,0x00000000262d0000)]
  0x0000000019434800 JavaThread "jar transforms Thread 88" [_thread_blocked, id=6660, stack(0x00000000260d0000,0x00000000261d0000)]
  0x000000001942b000 JavaThread "jar transforms Thread 87" [_thread_blocked, id=6964, stack(0x0000000025fd0000,0x00000000260d0000)]
  0x0000000019431000 JavaThread "jar transforms Thread 86" [_thread_blocked, id=14580, stack(0x0000000025ed0000,0x0000000025fd0000)]
  0x000000001942f800 JavaThread "jar transforms Thread 85" [_thread_blocked, id=1036, stack(0x0000000025dd0000,0x0000000025ed0000)]
  0x0000000019430000 JavaThread "jar transforms Thread 84" [_thread_blocked, id=11060, stack(0x0000000025cd0000,0x0000000025dd0000)]
  0x000000001942c800 JavaThread "jar transforms Thread 83" [_thread_blocked, id=17176, stack(0x0000000025bd0000,0x0000000025cd0000)]
  0x000000001942b800 JavaThread "jar transforms Thread 82" [_thread_blocked, id=9664, stack(0x0000000025ad0000,0x0000000025bd0000)]
  0x000000001942d000 JavaThread "jar transforms Thread 81" [_thread_blocked, id=15184, stack(0x00000000259d0000,0x0000000025ad0000)]
  0x000000001942e000 JavaThread "jar transforms Thread 80" [_thread_blocked, id=15956, stack(0x00000000258d0000,0x00000000259d0000)]
  0x000000001942e800 JavaThread "jar transforms Thread 79" [_thread_blocked, id=11796, stack(0x00000000257d0000,0x00000000258d0000)]
  0x0000000018f23800 JavaThread "jar transforms Thread 78" [_thread_blocked, id=5016, stack(0x00000000256d0000,0x00000000257d0000)]
  0x0000000018f22000 JavaThread "jar transforms Thread 77" [_thread_blocked, id=17484, stack(0x00000000255d0000,0x00000000256d0000)]
  0x0000000018f26000 JavaThread "jar transforms Thread 76" [_thread_blocked, id=4200, stack(0x00000000254d0000,0x00000000255d0000)]
  0x0000000018f23000 JavaThread "jar transforms Thread 75" [_thread_blocked, id=10236, stack(0x00000000253d0000,0x00000000254d0000)]
  0x0000000018f25000 JavaThread "jar transforms Thread 74" [_thread_blocked, id=16172, stack(0x00000000252d0000,0x00000000253d0000)]
  0x0000000018f24800 JavaThread "jar transforms Thread 73" [_thread_blocked, id=16312, stack(0x00000000251d0000,0x00000000252d0000)]
  0x0000000018f1a800 JavaThread "jar transforms Thread 72" [_thread_blocked, id=15504, stack(0x00000000250d0000,0x00000000251d0000)]
  0x0000000018f21800 JavaThread "jar transforms Thread 71" [_thread_blocked, id=204, stack(0x0000000024fd0000,0x00000000250d0000)]
  0x0000000018f20800 JavaThread "jar transforms Thread 70" [_thread_blocked, id=8604, stack(0x0000000024ed0000,0x0000000024fd0000)]
  0x0000000018f20000 JavaThread "jar transforms Thread 69" [_thread_blocked, id=3868, stack(0x0000000024dd0000,0x0000000024ed0000)]
  0x0000000018f1f000 JavaThread "jar transforms Thread 68" [_thread_blocked, id=300, stack(0x0000000024cd0000,0x0000000024dd0000)]
  0x0000000018f17800 JavaThread "jar transforms Thread 67" [_thread_blocked, id=16668, stack(0x0000000024bd0000,0x0000000024cd0000)]
  0x0000000018f1e800 JavaThread "jar transforms Thread 66" [_thread_blocked, id=17240, stack(0x0000000024ad0000,0x0000000024bd0000)]
  0x0000000018f1d800 JavaThread "jar transforms Thread 65" [_thread_blocked, id=8652, stack(0x00000000249d0000,0x0000000024ad0000)]
  0x0000000018f1d000 JavaThread "jar transforms Thread 64" [_thread_blocked, id=15608, stack(0x00000000248d0000,0x00000000249d0000)]
  0x0000000018f1b000 JavaThread "jar transforms Thread 63" [_thread_blocked, id=14412, stack(0x00000000247d0000,0x00000000248d0000)]
  0x0000000018f16800 JavaThread "jar transforms Thread 62" [_thread_blocked, id=12188, stack(0x00000000246d0000,0x00000000247d0000)]
  0x0000000018f19000 JavaThread "jar transforms Thread 61" [_thread_blocked, id=7700, stack(0x00000000245d0000,0x00000000246d0000)]
  0x0000000018f1c000 JavaThread "jar transforms Thread 60" [_thread_blocked, id=2380, stack(0x00000000244d0000,0x00000000245d0000)]
  0x0000000018f18000 JavaThread "jar transforms Thread 59" [_thread_blocked, id=7924, stack(0x00000000243d0000,0x00000000244d0000)]
  0x0000000018f19800 JavaThread "jar transforms Thread 58" [_thread_blocked, id=10584, stack(0x00000000242d0000,0x00000000243d0000)]
  0x0000000019a88800 JavaThread "jar transforms Thread 57" [_thread_blocked, id=12448, stack(0x00000000241d0000,0x00000000242d0000)]
  0x0000000019a8c000 JavaThread "jar transforms Thread 56" [_thread_blocked, id=1544, stack(0x00000000240d0000,0x00000000241d0000)]
  0x0000000019a87800 JavaThread "jar transforms Thread 55" [_thread_blocked, id=17592, stack(0x0000000023fd0000,0x00000000240d0000)]
  0x0000000019a87000 JavaThread "jar transforms Thread 54" [_thread_blocked, id=10844, stack(0x0000000023ed0000,0x0000000023fd0000)]
  0x0000000019a86000 JavaThread "jar transforms Thread 53" [_thread_blocked, id=2868, stack(0x0000000023dd0000,0x0000000023ed0000)]
  0x0000000019a8b800 JavaThread "jar transforms Thread 52" [_thread_blocked, id=11960, stack(0x0000000023cd0000,0x0000000023dd0000)]
  0x0000000019a8a800 JavaThread "jar transforms Thread 51" [_thread_blocked, id=7244, stack(0x0000000023bd0000,0x0000000023cd0000)]
  0x0000000019a8a000 JavaThread "jar transforms Thread 50" [_thread_blocked, id=7952, stack(0x0000000023ad0000,0x0000000023bd0000)]
  0x0000000019a89000 JavaThread "jar transforms Thread 49" [_thread_blocked, id=7872, stack(0x00000000239d0000,0x0000000023ad0000)]
  0x0000000019a7f000 JavaThread "jar transforms Thread 48" [_thread_blocked, id=10428, stack(0x00000000238d0000,0x00000000239d0000)]
  0x0000000019a85800 JavaThread "jar transforms Thread 47" [_thread_blocked, id=15036, stack(0x00000000237d0000,0x00000000238d0000)]
  0x0000000019a84800 JavaThread "jar transforms Thread 46" [_thread_blocked, id=13536, stack(0x00000000236d0000,0x00000000237d0000)]
  0x0000000019a7d000 JavaThread "jar transforms Thread 45" [_thread_blocked, id=17816, stack(0x00000000235d0000,0x00000000236d0000)]
  0x0000000019a81800 JavaThread "jar transforms Thread 44" [_thread_blocked, id=7972, stack(0x00000000234d0000,0x00000000235d0000)]
  0x0000000019a7e800 JavaThread "jar transforms Thread 43" [_thread_blocked, id=4172, stack(0x00000000233d0000,0x00000000234d0000)]
  0x0000000019a80800 JavaThread "jar transforms Thread 42" [_thread_blocked, id=6400, stack(0x00000000232d0000,0x00000000233d0000)]
  0x0000000019a80000 JavaThread "jar transforms Thread 41" [_thread_blocked, id=15008, stack(0x00000000231d0000,0x00000000232d0000)]
  0x0000000019a83000 JavaThread "jar transforms Thread 40" [_thread_blocked, id=15000, stack(0x00000000230d0000,0x00000000231d0000)]
  0x0000000019a82000 JavaThread "jar transforms Thread 39" [_thread_blocked, id=7488, stack(0x0000000022fd0000,0x00000000230d0000)]
  0x0000000019a7d800 JavaThread "jar transforms Thread 38" [_thread_blocked, id=11200, stack(0x0000000022ed0000,0x0000000022fd0000)]
  0x0000000019a83800 JavaThread "jar transforms Thread 37" [_thread_blocked, id=10632, stack(0x0000000022dd0000,0x0000000022ed0000)]
  0x000000001970d800 JavaThread "jar transforms Thread 36" [_thread_blocked, id=15640, stack(0x0000000022cd0000,0x0000000022dd0000)]
  0x0000000019714800 JavaThread "jar transforms Thread 35" [_thread_blocked, id=13268, stack(0x0000000022bd0000,0x0000000022cd0000)]
  0x0000000019713800 JavaThread "jar transforms Thread 34" [_thread_blocked, id=15088, stack(0x0000000022ad0000,0x0000000022bd0000)]
  0x0000000019713000 JavaThread "jar transforms Thread 33" [_thread_blocked, id=14188, stack(0x00000000229d0000,0x0000000022ad0000)]
  0x000000001970d000 JavaThread "jar transforms Thread 32" [_thread_blocked, id=6188, stack(0x00000000228d0000,0x00000000229d0000)]
  0x0000000019712000 JavaThread "jar transforms Thread 31" [_thread_blocked, id=9472, stack(0x00000000227d0000,0x00000000228d0000)]
  0x000000001970f000 JavaThread "jar transforms Thread 30" [_thread_blocked, id=5300, stack(0x00000000226d0000,0x00000000227d0000)]
  0x0000000019711800 JavaThread "jar transforms Thread 29" [_thread_blocked, id=17864, stack(0x00000000225d0000,0x00000000226d0000)]
  0x0000000019710800 JavaThread "jar transforms Thread 28" [_thread_blocked, id=14112, stack(0x00000000224d0000,0x00000000225d0000)]
  0x0000000019710000 JavaThread "jar transforms Thread 27" [_thread_blocked, id=16720, stack(0x00000000223d0000,0x00000000224d0000)]
  0x000000001970e800 JavaThread "jar transforms Thread 26" [_thread_blocked, id=6420, stack(0x00000000222d0000,0x00000000223d0000)]
  0x0000000019705800 JavaThread "jar transforms Thread 25" [_thread_blocked, id=12028, stack(0x00000000221d0000,0x00000000222d0000)]
  0x0000000019708800 JavaThread "jar transforms Thread 24" [_thread_blocked, id=12104, stack(0x00000000220d0000,0x00000000221d0000)]
  0x000000001970c000 JavaThread "jar transforms Thread 23" [_thread_blocked, id=9524, stack(0x0000000021fd0000,0x00000000220d0000)]
  0x000000001970a000 JavaThread "jar transforms Thread 22" [_thread_blocked, id=6776, stack(0x0000000021ed0000,0x0000000021fd0000)]
  0x000000001970b800 JavaThread "jar transforms Thread 21" [_thread_blocked, id=6236, stack(0x0000000021dd0000,0x0000000021ed0000)]
  0x0000000019709000 JavaThread "jar transforms Thread 20" [_thread_blocked, id=3280, stack(0x0000000021cd0000,0x0000000021dd0000)]
  0x0000000019707800 JavaThread "jar transforms Thread 19" [_thread_blocked, id=4828, stack(0x0000000021bd0000,0x0000000021cd0000)]
  0x0000000019707000 JavaThread "jar transforms Thread 18" [_thread_blocked, id=11152, stack(0x0000000021ad0000,0x0000000021bd0000)]
  0x0000000019706000 JavaThread "jar transforms Thread 17" [_thread_blocked, id=15612, stack(0x00000000219d0000,0x0000000021ad0000)]
  0x000000001970a800 JavaThread "jar transforms Thread 16" [_thread_blocked, id=1460, stack(0x00000000218d0000,0x00000000219d0000)]
  0x0000000018b3b000 JavaThread "jar transforms Thread 15" [_thread_blocked, id=17960, stack(0x00000000217d0000,0x00000000218d0000)]
  0x0000000018b3a800 JavaThread "jar transforms Thread 14" [_thread_blocked, id=9284, stack(0x00000000216d0000,0x00000000217d0000)]
  0x0000000018b3e000 JavaThread "jar transforms Thread 13" [_thread_blocked, id=17732, stack(0x00000000215d0000,0x00000000216d0000)]
  0x0000000018b39800 JavaThread "jar transforms Thread 12" [_thread_blocked, id=17224, stack(0x00000000214d0000,0x00000000215d0000)]
  0x0000000018b3d800 JavaThread "jar transforms Thread 11" [_thread_blocked, id=17932, stack(0x00000000213d0000,0x00000000214d0000)]
  0x0000000018b3c800 JavaThread "jar transforms Thread 10" [_thread_blocked, id=11560, stack(0x00000000212d0000,0x00000000213d0000)]
  0x0000000018b3c000 JavaThread "jar transforms Thread 9" [_thread_blocked, id=10580, stack(0x00000000211d0000,0x00000000212d0000)]
  0x0000000018b38000 JavaThread "jar transforms Thread 8" [_thread_blocked, id=14708, stack(0x00000000210d0000,0x00000000211d0000)]
  0x0000000018b39000 JavaThread "jar transforms Thread 7" [_thread_blocked, id=9180, stack(0x0000000020fd0000,0x00000000210d0000)]
  0x0000000018b31800 JavaThread "jar transforms Thread 6" [_thread_blocked, id=17520, stack(0x0000000020ed0000,0x0000000020fd0000)]
  0x0000000018b37800 JavaThread "jar transforms Thread 5" [_thread_blocked, id=9984, stack(0x0000000020dd0000,0x0000000020ed0000)]
  0x0000000018b30000 JavaThread "jar transforms Thread 4" [_thread_blocked, id=10820, stack(0x0000000020cd0000,0x0000000020dd0000)]
  0x0000000018b33000 JavaThread "jar transforms Thread 3" [_thread_blocked, id=7048, stack(0x0000000020bd0000,0x0000000020cd0000)]
  0x0000000018b36800 JavaThread "jar transforms Thread 2" [_thread_blocked, id=11340, stack(0x0000000020ad0000,0x0000000020bd0000)]
  0x0000000018b2f000 JavaThread "Build operations Thread 2" [_thread_blocked, id=9560, stack(0x00000000209d0000,0x0000000020ad0000)]
  0x0000000018b30800 JavaThread "Build operations" [_thread_blocked, id=2392, stack(0x00000000208d0000,0x00000000209d0000)]
  0x00000000199b9000 JavaThread "Cache worker for file content cache (C:\Users\Vidi Fitriansyah H\.gradle\caches\6.5\fileContent)" [_thread_blocked, id=14000, stack(0x00000000201d0000,0x00000000202d0000)]
  0x00000000199b8000 JavaThread "jar transforms" [_thread_blocked, id=9120, stack(0x00000000200d0000,0x00000000201d0000)]
  0x00000000199b9800 JavaThread "Cache worker for execution history cache (C:\Users\Vidi Fitriansyah H\.gradle\caches\6.5\executionHistory)" [_thread_blocked, id=11100, stack(0x000000001f9d0000,0x000000001fad0000)]
  0x00000000199b7800 JavaThread "Cache worker for cache directory md-rule (C:\Users\Vidi Fitriansyah H\.gradle\caches\6.5\md-rule)" [_thread_blocked, id=17052, stack(0x000000001f8d0000,0x000000001f9d0000)]
  0x00000000199b6800 JavaThread "Cache worker for cache directory md-supplier (C:\Users\Vidi Fitriansyah H\.gradle\caches\6.5\md-supplier)" [_thread_blocked, id=13448, stack(0x000000001f7d0000,0x000000001f8d0000)]
  0x00000000199b5000 JavaThread "Cache worker for checksums cache (E:\AndroidStudioProjects\FarmDoctorV3\.gradle\checksums)" [_thread_blocked, id=9908, stack(0x000000001f6d0000,0x000000001f7d0000)]
  0x00000000199b6000 JavaThread "Cache worker for file hash cache (E:\AndroidStudioProjects\FarmDoctorV3\.gradle\6.5\fileHashes)" [_thread_blocked, id=976, stack(0x000000001e090000,0x000000001e190000)]
  0x00000000199bb000 JavaThread "Cache worker for file hash cache (C:\Users\Vidi Fitriansyah H\.gradle\caches\6.5\fileHashes)" [_thread_blocked, id=7452, stack(0x000000001bdf0000,0x000000001bef0000)]
  0x00000000199ba800 JavaThread "File lock request listener" [_thread_in_native, id=1308, stack(0x000000001bcf0000,0x000000001bdf0000)]
  0x0000000019022000 JavaThread "Cache worker for journal cache (C:\Users\Vidi Fitriansyah H\.gradle\caches\journal-1)" [_thread_blocked, id=16684, stack(0x000000001bbf0000,0x000000001bcf0000)]
  0x00000000197a9000 JavaThread "Thread-9" [_thread_blocked, id=11896, stack(0x000000001b8f0000,0x000000001b9f0000)]
  0x00000000197a8800 JavaThread "Stdin handler" [_thread_blocked, id=12684, stack(0x000000001b7f0000,0x000000001b8f0000)]
  0x00000000197a7800 JavaThread "Asynchronous log dispatcher for DefaultDaemonConnection: socket connection from /127.0.0.1:53634 to /127.0.0.1:53635" [_thread_blocked, id=14288, stack(0x000000001b6f0000,0x000000001b7f0000)]
  0x000000001877f800 JavaThread "Daemon worker" [_thread_in_Java, id=8108, stack(0x000000001b5f0000,0x000000001b6f0000)]
  0x0000000019852000 JavaThread "Cancel handler" [_thread_blocked, id=14360, stack(0x000000001b4f0000,0x000000001b5f0000)]
  0x000000001984b800 JavaThread "Handler for socket connection from /127.0.0.1:53634 to /127.0.0.1:53635" [_thread_in_native, id=12192, stack(0x000000001b3f0000,0x000000001b4f0000)]
  0x0000000019848800 JavaThread "Daemon periodic checks" [_thread_blocked, id=7428, stack(0x000000001b0f0000,0x000000001b1f0000)]
  0x0000000018816000 JavaThread "Daemon" [_thread_blocked, id=11224, stack(0x000000001aff0000,0x000000001b0f0000)]
  0x00000000190b9000 JavaThread "Incoming local TCP Connector on port 53634" [_thread_in_native, id=9968, stack(0x000000001aaf0000,0x000000001abf0000)]
  0x0000000019469800 JavaThread "Daemon health stats" [_thread_blocked, id=16024, stack(0x000000001a2b0000,0x000000001a3b0000)]
  0x00000000172fa800 JavaThread "Service Thread" daemon [_thread_blocked, id=8000, stack(0x00000000184e0000,0x00000000185e0000)]
  0x00000000172f5000 JavaThread "C1 CompilerThread1" daemon [_thread_blocked, id=17876, stack(0x00000000183e0000,0x00000000184e0000)]
=>0x00000000172a2000 JavaThread "C2 CompilerThread0" daemon [_thread_in_native, id=10852, stack(0x00000000182e0000,0x00000000183e0000)]
  0x000000001729f800 JavaThread "Attach Listener" daemon [_thread_blocked, id=13036, stack(0x00000000181e0000,0x00000000182e0000)]
  0x000000001729c800 JavaThread "Signal Dispatcher" daemon [_thread_blocked, id=15760, stack(0x00000000180e0000,0x00000000181e0000)]
  0x00000000028b1800 JavaThread "Finalizer" daemon [_thread_blocked, id=9412, stack(0x0000000017ef0000,0x0000000017ff0000)]
  0x0000000017287000 JavaThread "Reference Handler" daemon [_thread_blocked, id=15848, stack(0x0000000017df0000,0x0000000017ef0000)]
  0x0000000000b4e000 JavaThread "main" [_thread_blocked, id=2092, stack(0x00000000026c0000,0x00000000027c0000)]

Other Threads:
  0x0000000017264800 VMThread [stack: 0x0000000017cf0000,0x0000000017df0000] [id=15292]
  0x00000000172fd000 WatcherThread [stack: 0x00000000185e0000,0x00000000186e0000] [id=13812]

VM state:not at safepoint (normal execution)

VM Mutex/Monitor currently owned by a thread: None

heap address: 0x0000000080000000, size: 2048 MB, Compressed Oops mode: 32-bit
Narrow klass base: 0x0000000000000000, Narrow klass shift: 3
Compressed class space size: 1073741824 Address: 0x0000000100000000

Heap:
 PSYoungGen      total 198656K, used 48070K [0x00000000d5580000, 0x00000000e6880000, 0x0000000100000000)
  eden space 185344K, 18% used [0x00000000d5580000,0x00000000d77742d0,0x00000000e0a80000)
  from space 13312K, 99% used [0x00000000e0a80000,0x00000000e177d748,0x00000000e1780000)
  to   space 15360K, 0% used [0x00000000e5980000,0x00000000e5980000,0x00000000e6880000)
 ParOldGen       total 47616K, used 15825K [0x0000000080000000, 0x0000000082e80000, 0x00000000d5580000)
  object space 47616K, 33% used [0x0000000080000000,0x0000000080f74498,0x0000000082e80000)
 Metaspace       used 45538K, capacity 47308K, committed 47528K, reserved 1089536K
  class space    used 6136K, capacity 6506K, committed 6568K, reserved 1048576K

Card table byte_map: [0x0000000011c80000,0x0000000012090000] byte_map_base: 0x0000000011880000

Marking Bits: (ParMarkBitMap*) 0x000000006ae59f30
 Begin Bits: [0x0000000012540000, 0x0000000014540000)
 End Bits:   [0x0000000014540000, 0x0000000016540000)

Polling page: 0x0000000000b30000

CodeCache: size=245760Kb used=12870Kb max_used=12870Kb free=232889Kb
 bounds [0x00000000028c0000, 0x0000000003560000, 0x00000000118c0000]
 total_blobs=4621 nmethods=3882 adapters=653
 compilation: enabled

Compilation events (10 events):
Event: 22.835 Thread 0x00000000172f5000 4200       2       java.util.zip.ZipCoder::encoder (35 bytes)
Event: 22.836 Thread 0x00000000172f5000 nmethod 4200 0x000000000354f890 code [0x000000000354fa00, 0x000000000354fc08]
Event: 22.836 Thread 0x00000000172f5000 4201       2       java.util.zip.ZipCoder::getBytes (192 bytes)
Event: 22.837 Thread 0x00000000172f5000 nmethod 4201 0x000000000354fcd0 code [0x000000000354ff60, 0x0000000003550d58]
Event: 22.837 Thread 0x00000000172f5000 4202   !   2       java.util.zip.ZipFile::getEntry (101 bytes)
Event: 22.838 Thread 0x00000000172f5000 nmethod 4202 0x0000000003551790 code [0x0000000003551940, 0x0000000003551e38]
Event: 22.871 Thread 0x00000000172f5000 4205       2       sun.security.util.DerInputBuffer::<init> (16 bytes)
Event: 22.872 Thread 0x00000000172f5000 nmethod 4205 0x0000000003552110 code [0x0000000003552260, 0x00000000035523f0]
Event: 22.872 Thread 0x00000000172f5000 4206       2       sun.security.util.DerValue::init (207 bytes)
Event: 22.873 Thread 0x00000000172f5000 nmethod 4206 0x00000000035524d0 code [0x0000000003552720, 0x0000000003553278]

GC Heap History (10 events):
Event: 8.434 GC heap before
{Heap before GC invocations=9 (full 1):
 PSYoungGen      total 137728K, used 3969K [0x00000000d5580000, 0x00000000de580000, 0x0000000100000000)
  eden space 129024K, 0% used [0x00000000d5580000,0x00000000d5580000,0x00000000dd380000)
  from space 8704K, 45% used [0x00000000ddd00000,0x00000000de0e0470,0x00000000de580000)
  to   space 9216K, 0% used [0x00000000dd380000,0x00000000dd380000,0x00000000ddc80000)
 ParOldGen       total 44032K, used 8439K [0x0000000080000000, 0x0000000082b00000, 0x00000000d5580000)
  object space 44032K, 19% used [0x0000000080000000,0x000000008083dcb0,0x0000000082b00000)
 Metaspace       used 20577K, capacity 21222K, committed 21296K, reserved 1067008K
  class space    used 2869K, capacity 3075K, committed 3120K, reserved 1048576K
Event: 8.648 GC heap after
Heap after GC invocations=9 (full 1):
 PSYoungGen      total 137728K, used 0K [0x00000000d5580000, 0x00000000de580000, 0x0000000100000000)
  eden space 129024K, 0% used [0x00000000d5580000,0x00000000d5580000,0x00000000dd380000)
  from space 8704K, 0% used [0x00000000ddd00000,0x00000000ddd00000,0x00000000de580000)
  to   space 9216K, 0% used [0x00000000dd380000,0x00000000dd380000,0x00000000ddc80000)
 ParOldGen       total 32768K, used 8830K [0x0000000080000000, 0x0000000082000000, 0x00000000d5580000)
  object space 32768K, 26% used [0x0000000080000000,0x000000008089fa30,0x0000000082000000)
 Metaspace       used 20577K, capacity 21222K, committed 21296K, reserved 1067008K
  class space    used 2869K, capacity 3075K, committed 3120K, reserved 1048576K
}
Event: 12.235 GC heap before
{Heap before GC invocations=10 (full 1):
 PSYoungGen      total 137728K, used 129024K [0x00000000d5580000, 0x00000000de580000, 0x0000000100000000)
  eden space 129024K, 100% used [0x00000000d5580000,0x00000000dd380000,0x00000000dd380000)
  from space 8704K, 0% used [0x00000000ddd00000,0x00000000ddd00000,0x00000000de580000)
  to   space 9216K, 0% used [0x00000000dd380000,0x00000000dd380000,0x00000000ddc80000)
 ParOldGen       total 32768K, used 8830K [0x0000000080000000, 0x0000000082000000, 0x00000000d5580000)
  object space 32768K, 26% used [0x0000000080000000,0x000000008089fa30,0x0000000082000000)
 Metaspace       used 32658K, capacity 33602K, committed 33712K, reserved 1079296K
  class space    used 4435K, capacity 4685K, committed 4784K, reserved 1048576K
Event: 12.298 GC heap after
Heap after GC invocations=10 (full 1):
 PSYoungGen      total 138240K, used 9185K [0x00000000d5580000, 0x00000000e2400000, 0x0000000100000000)
  eden space 129024K, 0% used [0x00000000d5580000,0x00000000d5580000,0x00000000dd380000)
  from space 9216K, 99% used [0x00000000dd380000,0x00000000ddc78708,0x00000000ddc80000)
  to   space 12800K, 0% used [0x00000000e1780000,0x00000000e1780000,0x00000000e2400000)
 ParOldGen       total 32768K, used 13901K [0x0000000080000000, 0x0000000082000000, 0x00000000d5580000)
  object space 32768K, 42% used [0x0000000080000000,0x0000000080d936a8,0x0000000082000000)
 Metaspace       used 32658K, capacity 33602K, committed 33712K, reserved 1079296K
  class space    used 4435K, capacity 4685K, committed 4784K, reserved 1048576K
}
Event: 13.148 GC heap before
{Heap before GC invocations=11 (full 1):
 PSYoungGen      total 138240K, used 44425K [0x00000000d5580000, 0x00000000e2400000, 0x0000000100000000)
  eden space 129024K, 27% used [0x00000000d5580000,0x00000000d77ea040,0x00000000dd380000)
  from space 9216K, 99% used [0x00000000dd380000,0x00000000ddc78708,0x00000000ddc80000)
  to   space 12800K, 0% used [0x00000000e1780000,0x00000000e1780000,0x00000000e2400000)
 ParOldGen       total 32768K, used 13901K [0x0000000080000000, 0x0000000082000000, 0x00000000d5580000)
  object space 32768K, 42% used [0x0000000080000000,0x0000000080d936a8,0x0000000082000000)
 Metaspace       used 34251K, capacity 35410K, committed 35496K, reserved 1079296K
  class space    used 4701K, capacity 5000K, committed 5032K, reserved 1048576K
Event: 13.244 GC heap after
Heap after GC invocations=11 (full 1):
 PSYoungGen      total 198144K, used 8887K [0x00000000d5580000, 0x00000000e2700000, 0x0000000100000000)
  eden space 185344K, 0% used [0x00000000d5580000,0x00000000d5580000,0x00000000e0a80000)
  from space 12800K, 69% used [0x00000000e1780000,0x00000000e202dc28,0x00000000e2400000)
  to   space 13312K, 0% used [0x00000000e0a80000,0x00000000e0a80000,0x00000000e1780000)
 ParOldGen       total 32768K, used 13909K [0x0000000080000000, 0x0000000082000000, 0x00000000d5580000)
  object space 32768K, 42% used [0x0000000080000000,0x0000000080d956a8,0x0000000082000000)
 Metaspace       used 34251K, capacity 35410K, committed 35496K, reserved 1079296K
  class space    used 4701K, capacity 5000K, committed 5032K, reserved 1048576K
}
Event: 13.244 GC heap before
{Heap before GC invocations=12 (full 2):
 PSYoungGen      total 198144K, used 8887K [0x00000000d5580000, 0x00000000e2700000, 0x0000000100000000)
  eden space 185344K, 0% used [0x00000000d5580000,0x00000000d5580000,0x00000000e0a80000)
  from space 12800K, 69% used [0x00000000e1780000,0x00000000e202dc28,0x00000000e2400000)
  to   space 13312K, 0% used [0x00000000e0a80000,0x00000000e0a80000,0x00000000e1780000)
 ParOldGen       total 32768K, used 13909K [0x0000000080000000, 0x0000000082000000, 0x00000000d5580000)
  object space 32768K, 42% used [0x0000000080000000,0x0000000080d956a8,0x0000000082000000)
 Metaspace       used 34251K, capacity 35410K, committed 35496K, reserved 1079296K
  class space    used 4701K, capacity 5000K, committed 5032K, reserved 1048576K
Event: 13.518 GC heap after
Heap after GC invocations=12 (full 2):
 PSYoungGen      total 198144K, used 0K [0x00000000d5580000, 0x00000000e2700000, 0x0000000100000000)
  eden space 185344K, 0% used [0x00000000d5580000,0x00000000d5580000,0x00000000e0a80000)
  from space 12800K, 0% used [0x00000000e1780000,0x00000000e1780000,0x00000000e2400000)
  to   space 13312K, 0% used [0x00000000e0a80000,0x00000000e0a80000,0x00000000e1780000)
 ParOldGen       total 47616K, used 15319K [0x0000000080000000, 0x0000000082e80000, 0x00000000d5580000)
  object space 47616K, 32% used [0x0000000080000000,0x0000000080ef5ca8,0x0000000082e80000)
 Metaspace       used 34251K, capacity 35410K, committed 35496K, reserved 1079296K
  class space    used 4701K, capacity 5000K, committed 5032K, reserved 1048576K
}
Event: 21.791 GC heap before
{Heap before GC invocations=13 (full 2):
 PSYoungGen      total 198144K, used 185344K [0x00000000d5580000, 0x00000000e2700000, 0x0000000100000000)
  eden space 185344K, 100% used [0x00000000d5580000,0x00000000e0a80000,0x00000000e0a80000)
  from space 12800K, 0% used [0x00000000e1780000,0x00000000e1780000,0x00000000e2400000)
  to   space 13312K, 0% used [0x00000000e0a80000,0x00000000e0a80000,0x00000000e1780000)
 ParOldGen       total 47616K, used 15319K [0x0000000080000000, 0x0000000082e80000, 0x00000000d5580000)
  object space 47616K, 32% used [0x0000000080000000,0x0000000080ef5ca8,0x0000000082e80000)
 Metaspace       used 42995K, capacity 44780K, committed 44968K, reserved 1087488K
  class space    used 5825K, capacity 6232K, committed 6312K, reserved 1048576K
Event: 21.820 GC heap after
Heap after GC invocations=13 (full 2):
 PSYoungGen      total 198656K, used 13301K [0x00000000d5580000, 0x00000000e6880000, 0x0000000100000000)
  eden space 185344K, 0% used [0x00000000d5580000,0x00000000d5580000,0x00000000e0a80000)
  from space 13312K, 99% used [0x00000000e0a80000,0x00000000e177d748,0x00000000e1780000)
  to   space 15360K, 0% used [0x00000000e5980000,0x00000000e5980000,0x00000000e6880000)
 ParOldGen       total 47616K, used 15825K [0x0000000080000000, 0x0000000082e80000, 0x00000000d5580000)
  object space 47616K, 33% used [0x0000000080000000,0x0000000080f74498,0x0000000082e80000)
 Metaspace       used 42995K, capacity 44780K, committed 44968K, reserved 1087488K
  class space    used 5825K, capacity 6232K, committed 6312K, reserved 1048576K
}

Deoptimization events (10 events):
Event: 21.493 Thread 0x000000001877f800 Uncommon trap: reason=unstable_if action=reinterpret pc=0x0000000002f7a230 method=org.objectweb.asm.ByteVector.putUTF8(Ljava/lang/String;)Lorg/objectweb/asm/ByteVector; @ 93
Event: 21.821 Thread 0x00000000028b1800 Uncommon trap: reason=unstable_if action=reinterpret pc=0x0000000002fdb104 method=java.util.WeakHashMap.eq(Ljava/lang/Object;Ljava/lang/Object;)Z @ 2
Event: 22.223 Thread 0x000000001877f800 Uncommon trap: reason=range_check action=make_not_entrant pc=0x00000000034cb904 method=java.lang.String.charAt(I)C @ 27
Event: 22.587 Thread 0x000000001877f800 Uncommon trap: reason=unstable_if action=reinterpret pc=0x00000000034b24e4 method=java.util.jar.JarFile.maybeInstantiateVerifier()V @ 75
Event: 22.588 Thread 0x000000001877f800 Uncommon trap: reason=unstable_if action=reinterpret pc=0x0000000002f3ed00 method=java.util.jar.Manifest$FastInputStream.readLine([BII)I @ 87
Event: 22.610 Thread 0x000000001877f800 Uncommon trap: reason=unstable_if action=reinterpret pc=0x0000000003368fd0 method=java.lang.ThreadLocal.get()Ljava/lang/Object; @ 11
Event: 22.687 Thread 0x000000001877f800 Uncommon trap: reason=unstable_if action=reinterpret pc=0x0000000002a639bc method=java.lang.CharacterDataLatin1.isWhitespace(I)Z @ 14
Event: 22.806 Thread 0x000000001877f800 Uncommon trap: reason=unstable_if action=reinterpret pc=0x0000000002e12b30 method=java.util.jar.JarFile.maybeInstantiateVerifier()V @ 4
Event: 22.830 Thread 0x000000001877f800 Uncommon trap: reason=unstable_if action=reinterpret pc=0x0000000002f9602c method=java.security.CodeSource.getCertificates()[Ljava/security/cert/Certificate; @ 22
Event: 22.871 Thread 0x000000001877f800 Uncommon trap: reason=unstable_if action=reinterpret pc=0x0000000002a5a778 method=java.util.LinkedHashMap.get(Ljava/lang/Object;)Ljava/lang/Object; @ 20

Classes redefined (0 events):
No events

Internal exceptions (10 events):
Event: 19.443 Thread 0x00000000197a9000 Exception <a 'java/lang/NoSuchMethodError': <clinit>> (0x00000000d5be64f8) thrown at [D:\src\AOSP-openjdk-cygwin\jdk8u\hotspot\src\share\vm\prims\jni.cpp, line 1614]
Event: 19.445 Thread 0x00000000197a9000 Exception <a 'java/lang/NoSuchMethodError': <clinit>> (0x00000000d5bf9bb0) thrown at [D:\src\AOSP-openjdk-cygwin\jdk8u\hotspot\src\share\vm\prims\jni.cpp, line 1614]
Event: 19.570 Thread 0x000000001877f800 Exception <a 'java/lang/ClassNotFoundException': build_ek5z5n21pr2ds4y5pggta29pcBeanInfo> (0x00000000dd705d38) thrown at [D:\src\AOSP-openjdk-cygwin\jdk8u\hotspot\src\share\vm\classfile\systemDictionary.cpp, line 210]
Event: 19.570 Thread 0x000000001877f800 Exception <a 'java/lang/ClassNotFoundException': build_ek5z5n21pr2ds4y5pggta29pcCustomizer> (0x00000000dd711978) thrown at [D:\src\AOSP-openjdk-cygwin\jdk8u\hotspot\src\share\vm\classfile\systemDictionary.cpp, line 210]
Event: 19.585 Thread 0x000000001877f800 Exception <a 'java/lang/ClassNotFoundException': org/gradle/plugin/use/internal/PluginRequestCollector$PluginDependenciesSpecImplBeanInfo> (0x00000000dd7b1be8) thrown at [D:\src\AOSP-openjdk-cygwin\jdk8u\hotspot\src\share\vm\classfile\systemDictionary.cpp
Event: 19.586 Thread 0x000000001877f800 Exception <a 'java/lang/ClassNotFoundException': org/gradle/plugin/use/internal/PluginRequestCollector$PluginDependenciesSpecImplCustomizer> (0x00000000dd7f1bb0) thrown at [D:\src\AOSP-openjdk-cygwin\jdk8u\hotspot\src\share\vm\classfile\systemDictionary.c
Event: 19.743 Thread 0x000000001877f800 Exception <a 'java/lang/ClassNotFoundException': org/gradle/api/internal/plugins/DefaultObjectConfigurationActionBeanInfo> (0x00000000ddcd1650) thrown at [D:\src\AOSP-openjdk-cygwin\jdk8u\hotspot\src\share\vm\classfile\systemDictionary.cpp, line 210]
Event: 19.744 Thread 0x000000001877f800 Exception <a 'java/lang/ClassNotFoundException': org/gradle/api/internal/plugins/DefaultObjectConfigurationActionCustomizer> (0x00000000ddd18a40) thrown at [D:\src\AOSP-openjdk-cygwin\jdk8u\hotspot\src\share\vm\classfile\systemDictionary.cpp, line 210]
Event: 20.898 Thread 0x000000001877f800 Exception <a 'sun/nio/fs/WindowsException'> (0x00000000df74cd20) thrown at [D:\src\AOSP-openjdk-cygwin\jdk8u\hotspot\src\share\vm\prims\jni.cpp, line 710]
Event: 22.610 Thread 0x000000001877f800 Implicit null exception at 0x0000000003368e08 to 0x0000000003368fb9

Events (10 events):
Event: 22.830 Thread 0x000000001877f800 Uncommon trap: trap_request=0xffffff65 fr.pc=0x0000000002f9602c
Event: 22.830 Thread 0x000000001877f800 DEOPT PACKING pc=0x0000000002f9602c sp=0x000000001b6e6d00
Event: 22.830 Thread 0x000000001877f800 DEOPT UNPACKING pc=0x000000000290557b sp=0x000000001b6e6c90 mode 2
Event: 22.830 loading class org/bouncycastle/operator/OperatorException
Event: 22.830 loading class org/bouncycastle/operator/OperatorException done
Event: 22.834 loading class org/bouncycastle/jce/provider/BouncyCastleProvider
Event: 22.834 loading class org/bouncycastle/jce/provider/BouncyCastleProvider done
Event: 22.871 Thread 0x000000001877f800 Uncommon trap: trap_request=0xffffff65 fr.pc=0x0000000002a5a778
Event: 22.871 Thread 0x000000001877f800 DEOPT PACKING pc=0x0000000002a5a778 sp=0x000000001b6e5fc0
Event: 22.871 Thread 0x000000001877f800 DEOPT UNPACKING pc=0x000000000290557b sp=0x000000001b6e5f80 mode 2


Dynamic libraries:
0x00007ff6a4cf0000 - 0x00007ff6a4d21000 	C:\Program Files\Java\jdk-8\bin\java.exe
0x00007ffde55c0000 - 0x00007ffde5791000 	C:\WINDOWS\SYSTEM32\ntdll.dll
0x00007ffde2f70000 - 0x00007ffde301b000 	C:\WINDOWS\System32\KERNEL32.DLL
0x00007ffde2710000 - 0x00007ffde292d000 	C:\WINDOWS\System32\KERNELBASE.dll
0x00007ffde5040000 - 0x00007ffde50e2000 	C:\WINDOWS\System32\ADVAPI32.dll
0x00007ffde4e70000 - 0x00007ffde4f0e000 	C:\WINDOWS\System32\msvcrt.dll
0x00007ffde3170000 - 0x00007ffde31c9000 	C:\WINDOWS\System32\sechost.dll
0x00007ffde4f10000 - 0x00007ffde5031000 	C:\WINDOWS\System32\RPCRT4.dll
0x00007ffde48c0000 - 0x00007ffde4a25000 	C:\WINDOWS\System32\USER32.dll
0x00007ffde24c0000 - 0x00007ffde24de000 	C:\WINDOWS\System32\win32u.dll
0x00007ffde3030000 - 0x00007ffde3064000 	C:\WINDOWS\System32\GDI32.dll
0x00007ffde2330000 - 0x00007ffde24b2000 	C:\WINDOWS\System32\gdi32full.dll
0x00007ffdddd30000 - 0x00007ffdddfa9000 	C:\WINDOWS\WinSxS\amd64_microsoft.windows.common-controls_6595b64144ccf1df_6.0.14393.0_none_2d0f50fcbdb171b8\COMCTL32.dll
0x00007ffde50f0000 - 0x00007ffde53b7000 	C:\WINDOWS\System32\combase.dll
0x00007ffde2930000 - 0x00007ffde2a25000 	C:\WINDOWS\System32\ucrtbase.dll
0x00007ffde2210000 - 0x00007ffde227a000 	C:\WINDOWS\System32\bcryptPrimitives.dll
0x00007ffde4bc0000 - 0x00007ffde4bee000 	C:\WINDOWS\System32\IMM32.DLL
0x000000006aee0000 - 0x000000006afb2000 	C:\Program Files\Java\jdk-8\jre\bin\msvcr100.dll
0x000000006a690000 - 0x000000006aed6000 	C:\Program Files\Java\jdk-8\jre\bin\server\jvm.dll
0x00007ffde4d90000 - 0x00007ffde4d98000 	C:\WINDOWS\System32\PSAPI.DLL
0x00007ffdd1d90000 - 0x00007ffdd1d99000 	C:\WINDOWS\SYSTEM32\WSOCK32.dll
0x00007ffde4e00000 - 0x00007ffde4e6a000 	C:\WINDOWS\System32\WS2_32.dll
0x00007ffddf260000 - 0x00007ffddf283000 	C:\WINDOWS\SYSTEM32\WINMM.dll
0x00007ffddfff0000 - 0x00007ffddfffa000 	C:\WINDOWS\SYSTEM32\VERSION.dll
0x00007ffddf200000 - 0x00007ffddf22b000 	C:\WINDOWS\SYSTEM32\WINMMBASE.dll
0x00007ffde2a30000 - 0x00007ffde2a72000 	C:\WINDOWS\System32\cfgmgr32.dll
0x00007ffde0650000 - 0x00007ffde065f000 	C:\Program Files\Java\jdk-8\jre\bin\verify.dll
0x00007ffddc190000 - 0x00007ffddc1b9000 	C:\Program Files\Java\jdk-8\jre\bin\java.dll
0x00007ffde02c0000 - 0x00007ffde02d6000 	C:\Program Files\Java\jdk-8\jre\bin\zip.dll
0x00007ffde33b0000 - 0x00007ffde48b8000 	C:\WINDOWS\System32\SHELL32.dll
0x00007ffde1b30000 - 0x00007ffde220a000 	C:\WINDOWS\System32\windows.storage.dll
0x00007ffde1ad0000 - 0x00007ffde1b1c000 	C:\WINDOWS\System32\powrprof.dll
0x00007ffde53c0000 - 0x00007ffde5412000 	C:\WINDOWS\System32\shlwapi.dll
0x00007ffde1b20000 - 0x00007ffde1b2f000 	C:\WINDOWS\System32\kernel.appcore.dll
0x00007ffde2280000 - 0x00007ffde2329000 	C:\WINDOWS\System32\shcore.dll
0x00007ffde1ab0000 - 0x00007ffde1ac4000 	C:\WINDOWS\System32\profapi.dll
0x00007ffddf540000 - 0x00007ffddf55a000 	C:\Program Files\Java\jdk-8\jre\bin\net.dll
0x00007ffde1070000 - 0x00007ffde10cc000 	C:\WINDOWS\system32\mswsock.dll
0x00007ffdde110000 - 0x00007ffdde121000 	C:\Program Files\Java\jdk-8\jre\bin\nio.dll
0x00007ffddd050000 - 0x00007ffddd077000 	C:\Users\Vidi Fitriansyah H\.gradle\native\f6784746aeab05261644944871eae4fe03e0ef1612fff0a4a95f87b438bc6780\windows-amd64\native-platform.dll
0x00007ffde0120000 - 0x00007ffde012d000 	C:\Program Files\Java\jdk-8\jre\bin\management.dll
0x00007ffde1640000 - 0x00007ffde1657000 	C:\WINDOWS\SYSTEM32\CRYPTSP.dll
0x00007ffde0c80000 - 0x00007ffde0cb3000 	C:\WINDOWS\system32\rsaenh.dll
0x00007ffde19e0000 - 0x00007ffde1a0b000 	C:\WINDOWS\SYSTEM32\bcrypt.dll
0x00007ffde0ef0000 - 0x00007ffde0f0f000 	C:\WINDOWS\SYSTEM32\USERENV.dll
0x00007ffde19d0000 - 0x00007ffde19db000 	C:\WINDOWS\SYSTEM32\CRYPTBASE.dll
0x00007ffde0e00000 - 0x00007ffde0e38000 	C:\WINDOWS\SYSTEM32\IPHLPAPI.DLL
0x00007ffde3020000 - 0x00007ffde3028000 	C:\WINDOWS\System32\NSI.dll
0x00007ffdd6c20000 - 0x00007ffdd6c36000 	C:\WINDOWS\SYSTEM32\dhcpcsvc6.DLL
0x00007ffdd8fa0000 - 0x00007ffdd8fba000 	C:\WINDOWS\SYSTEM32\dhcpcsvc.DLL
0x00007ffdd9670000 - 0x00007ffdd967b000 	C:\WINDOWS\SYSTEM32\WINNSI.DLL

VM Arguments:
jvm_args: -Xmx2048m -Dfile.encoding=UTF-8 -Duser.country=US -Duser.language=en -Duser.variant 
java_command: org.gradle.launcher.daemon.bootstrap.GradleDaemon 6.5
java_class_path (initial): C:\Users\Vidi Fitriansyah H\.gradle\wrapper\dists\gradle-6.5-bin\6nifqtx7604sqp1q6g8wikw7p\gradle-6.5\lib\gradle-launcher-6.5.jar
Launcher Type: SUN_STANDARD

Environment Variables:
JAVA_HOME=C:\Program Files\Java\jdk-8
PATH=C:\Program Files (x86)\Common Files\Oracle\Java\javapath;C:\adb\adb_win_v1.0.26;C:\adb\adb_win_v1.0.26;C:\Program Files\Common Files\Microsoft Shared\Windows Live;C:\Program Files (x86)\Common Files\Microsoft Shared\Windows Live;C:\WINDOWS\system32;C:\WINDOWS;C:\WINDOWS\System32\Wbem;C:\WINDOWS\System32\WindowsPowerShell\v1.0\;C:\Program Files (x86)\Windows Live\Shared;C:\Program Files (x86)\MATLAB\R2009a\bin;C:\Program Files (x86)\MATLAB\R2009a\bin\win32;C:\Program Files (x86)\Common Files\lenovo\easyplussdk\bin;C:\Users\Vidi Fitriansyah H\AppData\Local\Programs\Python\Python36\Scripts;C:\Users\Vidi Fitriansyah H\AppData\Local\Programs\Python\Python36;C:\Python27;C:\Python37\Scripts;C:\Users\Vidi Fitriansyah H\AppData\Local\Microsoft\WindowsApps;C:\Program Files (x86)\IVI Foundation\VISA\WinNT\Bin\;C:\Program Files\IVI Foundation\VISA\Win64\Bin\;C:\Program Files (x86)\IVI Foundation\VISA\WinNT\Bin;C:\gradle\gradle-5.4.1\bin;%JAVA_HOME%\bin;C:\Program Files\Git\cmd;C:\Users\Vidi Fitriansyah H\AppData\Local\Microsoft\WindowsApps;C:\Program Files\Microsoft VS Code\bin;C:\Users\Vidi Fitriansyah H\AppData\Local\GitHubDesktop\bin
USERNAME=Vidi Fitriansyah H
OS=Windows_NT
PROCESSOR_IDENTIFIER=Intel64 Family 6 Model 61 Stepping 4, GenuineIntel



---------------  S Y S T E M  ---------------

OS: Windows 10.0 , 64 bit Build 14393 (10.0.14393.0)

CPU:total 2 (initial active 2) (2 cores per cpu, 1 threads per core) family 6 model 61 stepping 4, cmov, cx8, fxsr, mmx, sse, sse2, sse3, ssse3, sse4.1, sse4.2, popcnt, clmul, erms, 3dnowpref, lzcnt, tsc, tscinvbit

Memory: 4k page, physical 4103692k(542880k free), swap 8224268k(4940k free)

vm_info: OpenJDK 64-Bit Server VM (25.202-b03) for windows-amd64 JRE (1.8.0_202-release-1483-b03), built by "builder" with MS VC++ 10.0 (VS2010)

time: Sat Mar 27 17:57:33 2021
timezone: SE Asia Standard Time
elapsed time: 22 seconds (0d 0h 0m 22s)

